<?xml version="1.0" encoding="utf-8"?>

<coverage line-rate="0.17350000000000002" branch-rate="0.11109999999999999" version="1.9" timestamp="1698969715"
          lines-covered="21" lines-valid="121" branches-covered="2" branches-valid="18">
    <sources>
        <source>C:\Dev\bicicletario\</source>
    </sources>
    <packages>
        <package name="Application" line-rate="0" branch-rate="0" complexity="16">
            <classes>
                <class name="bicicletario.Application.Services.BicicletaService"
                       filename="Application\Services\BicicletaService.cs" line-rate="0" branch-rate="0" complexity="9">
                    <methods>
                        <method name="ObterBicicleta" signature="(System.Int32)" line-rate="0" branch-rate="0"
                                complexity="2">
                            <lines>
                                <line number="20" hits="0" branch="False" />
                                <line number="21" hits="0" branch="False" />
                                <line number="23" hits="0" branch="True" condition-coverage="0% (0/2)">
                                    <conditions>
                                        <condition number="20" type="jump" coverage="0%" />
                                    </conditions>
                                </line>
                                <line number="24" hits="0" branch="False" />
                                <line number="26" hits="0" branch="False" />
                                <line number="27" hits="0" branch="False" />
                            </lines>
                        </method>
                        <method name="ObterTodasBicicletas" signature="()" line-rate="0" branch-rate="0" complexity="6">
                            <lines>
                                <line number="30" hits="0" branch="False" />
                                <line number="31" hits="0" branch="False" />
                                <line number="33" hits="0" branch="True" condition-coverage="0% (0/2)">
                                    <conditions>
                                        <condition number="20" type="jump" coverage="0%" />
                                    </conditions>
                                </line>
                                <line number="34" hits="0" branch="True" condition-coverage="0% (0/4)">
                                    <conditions>
                                        <condition number="31" type="jump" coverage="0%" />
                                        <condition number="47" type="jump" coverage="0%" />
                                    </conditions>
                                </line>
                                <line number="35" hits="0" branch="False" />
                                <line number="37" hits="0" branch="False" />
                                <line number="38" hits="0" branch="False" />
                            </lines>
                        </method>
                        <method name=".ctor" signature="(bicicletario.Domain.Interfaces.IBicicletaRepository)"
                                line-rate="0" branch-rate="1" complexity="1">
                            <lines>
                                <line number="14" hits="0" branch="False" />
                                <line number="15" hits="0" branch="False" />
                                <line number="16" hits="0" branch="False" />
                                <line number="17" hits="0" branch="False" />
                            </lines>
                        </method>
                    </methods>
                    <lines>
                        <line number="20" hits="0" branch="False" />
                        <line number="21" hits="0" branch="False" />
                        <line number="23" hits="0" branch="True" condition-coverage="0% (0/2)">
                            <conditions>
                                <condition number="20" type="jump" coverage="0%" />
                            </conditions>
                        </line>
                        <line number="24" hits="0" branch="False" />
                        <line number="26" hits="0" branch="False" />
                        <line number="27" hits="0" branch="False" />
                        <line number="30" hits="0" branch="False" />
                        <line number="31" hits="0" branch="False" />
                        <line number="33" hits="0" branch="True" condition-coverage="0% (0/2)">
                            <conditions>
                                <condition number="20" type="jump" coverage="0%" />
                            </conditions>
                        </line>
                        <line number="34" hits="0" branch="True" condition-coverage="0% (0/4)">
                            <conditions>
                                <condition number="31" type="jump" coverage="0%" />
                                <condition number="47" type="jump" coverage="0%" />
                            </conditions>
                        </line>
                        <line number="35" hits="0" branch="False" />
                        <line number="37" hits="0" branch="False" />
                        <line number="38" hits="0" branch="False" />
                        <line number="14" hits="0" branch="False" />
                        <line number="15" hits="0" branch="False" />
                        <line number="16" hits="0" branch="False" />
                        <line number="17" hits="0" branch="False" />
                    </lines>
                </class>
                <class name="bicicletario.Application.Exceptions.ApiException"
                       filename="Application\Exceptions\ApiException.cs" line-rate="0" branch-rate="0" complexity="4">
                    <methods>
                        <method name="get_StatusCode" signature="()" line-rate="0" branch-rate="1" complexity="1">
                            <lines>
                                <line number="5" hits="0" branch="False" />
                            </lines>
                        </method>
                        <method name="get_UserFriendlyMessage" signature="()" line-rate="0" branch-rate="1"
                                complexity="1">
                            <lines>
                                <line number="6" hits="0" branch="False" />
                            </lines>
                        </method>
                        <method name=".ctor" signature="(System.String,System.Int32,System.String)" line-rate="0"
                                branch-rate="0" complexity="2">
                            <lines>
                                <line number="8" hits="0" branch="False" />
                                <line number="9" hits="0" branch="False" />
                                <line number="10" hits="0" branch="False" />
                                <line number="11" hits="0" branch="True" condition-coverage="0% (0/2)">
                                    <conditions>
                                        <condition number="20" type="jump" coverage="0%" />
                                    </conditions>
                                </line>
                                <line number="12" hits="0" branch="False" />
                            </lines>
                        </method>
                    </methods>
                    <lines>
                        <line number="5" hits="0" branch="False" />
                        <line number="6" hits="0" branch="False" />
                        <line number="8" hits="0" branch="False" />
                        <line number="9" hits="0" branch="False" />
                        <line number="10" hits="0" branch="False" />
                        <line number="11" hits="0" branch="True" condition-coverage="0% (0/2)">
                            <conditions>
                                <condition number="20" type="jump" coverage="0%" />
                            </conditions>
                        </line>
                        <line number="12" hits="0" branch="False" />
                    </lines>
                </class>
                <class name="bicicletario.Application.Exceptions.BicicletaNaoEncontradaException"
                       filename="Application\Exceptions\BicicletaNaoEncontradaException.cs" line-rate="0"
                       branch-rate="1" complexity="2">
                    <methods>
                        <method name=".ctor" signature="(System.Int32)" line-rate="0" branch-rate="1" complexity="1">
                            <lines>
                                <line number="6" hits="0" branch="False" />
                                <line number="7" hits="0" branch="False" />
                                <line number="8" hits="0" branch="False" />
                            </lines>
                        </method>
                        <method name=".ctor" signature="()" line-rate="0" branch-rate="1" complexity="1">
                            <lines>
                                <line number="11" hits="0" branch="False" />
                                <line number="12" hits="0" branch="False" />
                                <line number="13" hits="0" branch="False" />
                            </lines>
                        </method>
                    </methods>
                    <lines>
                        <line number="6" hits="0" branch="False" />
                        <line number="7" hits="0" branch="False" />
                        <line number="8" hits="0" branch="False" />
                        <line number="11" hits="0" branch="False" />
                        <line number="12" hits="0" branch="False" />
                        <line number="13" hits="0" branch="False" />
                    </lines>
                </class>
                <class name="bicicletario.Application.Exceptions.ErroServidorInternoException"
                       filename="Application\Exceptions\ErroServidorInternoException.cs" line-rate="0" branch-rate="1"
                       complexity="1">
                    <methods>
                        <method name=".ctor" signature="(System.String)" line-rate="0" branch-rate="1" complexity="1">
                            <lines>
                                <line number="5" hits="0" branch="False" />
                                <line number="6" hits="0" branch="False" />
                                <line number="7" hits="0" branch="False" />
                            </lines>
                        </method>
                    </methods>
                    <lines>
                        <line number="5" hits="0" branch="False" />
                        <line number="6" hits="0" branch="False" />
                        <line number="7" hits="0" branch="False" />
                    </lines>
                </class>
            </classes>
        </package>
        <package name="Domain" line-rate="1" branch-rate="1" complexity="4">
            <classes>
                <class name="bicicletario.Domain.Models.Bicicleta" filename="Domain\Models\Bicicleta.cs" line-rate="1"
                       branch-rate="1" complexity="4">
                    <methods>
                        <method name="get_Id" signature="()" line-rate="1" branch-rate="1" complexity="1">
                            <lines>
                                <line number="5" hits="3" branch="False" />
                            </lines>
                        </method>
                        <method name="get_Modelo" signature="()" line-rate="1" branch-rate="1" complexity="1">
                            <lines>
                                <line number="6" hits="6" branch="False" />
                            </lines>
                        </method>
                        <method name="get_Cor" signature="()" line-rate="1" branch-rate="1" complexity="1">
                            <lines>
                                <line number="7" hits="6" branch="False" />
                            </lines>
                        </method>
                        <method name="get_Marca" signature="()" line-rate="1" branch-rate="1" complexity="1">
                            <lines>
                                <line number="9" hits="6" branch="False" />
                            </lines>
                        </method>
                    </methods>
                    <lines>
                        <line number="5" hits="3" branch="False" />
                        <line number="6" hits="6" branch="False" />
                        <line number="7" hits="6" branch="False" />
                        <line number="9" hits="6" branch="False" />
                    </lines>
                </class>
            </classes>
        </package>
        <package name="Infrastructure" line-rate="0" branch-rate="0" complexity="9">
            <classes>
                <class name="bicicletario.Infrastructure.DatabaseConnection"
                       filename="Infrastructure\DatabaseConnection.cs" line-rate="0" branch-rate="1" complexity="2">
                    <methods>
                        <method name="CreateConnection" signature="()" line-rate="0" branch-rate="1" complexity="1">
                            <lines>
                                <line number="15" hits="0" branch="False" />
                                <line number="16" hits="0" branch="False" />
                                <line number="17" hits="0" branch="False" />
                            </lines>
                        </method>
                        <method name=".ctor" signature="(System.String)" line-rate="0" branch-rate="1" complexity="1">
                            <lines>
                                <line number="9" hits="0" branch="False" />
                                <line number="10" hits="0" branch="False" />
                                <line number="11" hits="0" branch="False" />
                                <line number="12" hits="0" branch="False" />
                            </lines>
                        </method>
                    </methods>
                    <lines>
                        <line number="15" hits="0" branch="False" />
                        <line number="16" hits="0" branch="False" />
                        <line number="17" hits="0" branch="False" />
                        <line number="9" hits="0" branch="False" />
                        <line number="10" hits="0" branch="False" />
                        <line number="11" hits="0" branch="False" />
                        <line number="12" hits="0" branch="False" />
                    </lines>
                </class>
                <class name="bicicletario.Infrastructure.Repositories.BicicletaRepository"
                       filename="Infrastructure\Repositories\BicicletaRepository.cs" line-rate="0" branch-rate="0"
                       complexity="3">
                    <methods>
                        <method name="GetAll" signature="()" line-rate="0" branch-rate="0" complexity="2">
                            <lines>
                                <line number="47" hits="0" branch="False" />
                                <line number="48" hits="0" branch="False" />
                                <line number="50" hits="0" branch="False" />
                                <line number="51" hits="0" branch="False" />
                                <line number="52" hits="0" branch="False" />
                                <line number="53" hits="0" branch="False" />
                                <line number="54" hits="0" branch="False" />
                                <line number="55" hits="0" branch="False" />
                                <line number="56" hits="0" branch="False" />
                                <line number="57" hits="0" branch="True" condition-coverage="0% (0/2)">
                                    <conditions>
                                        <condition number="130" type="jump" coverage="0%" />
                                    </conditions>
                                </line>
                                <line number="58" hits="0" branch="False" />
                                <line number="59" hits="0" branch="False" />
                                <line number="60" hits="0" branch="False" />
                                <line number="61" hits="0" branch="False" />
                                <line number="62" hits="0" branch="False" />
                                <line number="63" hits="0" branch="False" />
                                <line number="64" hits="0" branch="False" />
                                <line number="65" hits="0" branch="False" />
                                <line number="66" hits="0" branch="False" />
                                <line number="67" hits="0" branch="False" />
                                <line number="68" hits="0" branch="False" />
                                <line number="69" hits="0" branch="False" />
                                <line number="71" hits="0" branch="False" />
                                <line number="72" hits="0" branch="False" />
                            </lines>
                        </method>
                        <method name=".ctor" signature="(System.String)" line-rate="0" branch-rate="1" complexity="1">
                            <lines>
                                <line number="12" hits="0" branch="False" />
                                <line number="13" hits="0" branch="False" />
                                <line number="14" hits="0" branch="False" />
                                <line number="15" hits="0" branch="False" />
                            </lines>
                        </method>
                    </methods>
                    <lines>
                        <line number="47" hits="0" branch="False" />
                        <line number="48" hits="0" branch="False" />
                        <line number="50" hits="0" branch="False" />
                        <line number="51" hits="0" branch="False" />
                        <line number="52" hits="0" branch="False" />
                        <line number="53" hits="0" branch="False" />
                        <line number="54" hits="0" branch="False" />
                        <line number="55" hits="0" branch="False" />
                        <line number="56" hits="0" branch="False" />
                        <line number="57" hits="0" branch="True" condition-coverage="0% (0/2)">
                            <conditions>
                                <condition number="130" type="jump" coverage="0%" />
                            </conditions>
                        </line>
                        <line number="58" hits="0" branch="False" />
                        <line number="59" hits="0" branch="False" />
                        <line number="60" hits="0" branch="False" />
                        <line number="61" hits="0" branch="False" />
                        <line number="62" hits="0" branch="False" />
                        <line number="63" hits="0" branch="False" />
                        <line number="64" hits="0" branch="False" />
                        <line number="65" hits="0" branch="False" />
                        <line number="66" hits="0" branch="False" />
                        <line number="67" hits="0" branch="False" />
                        <line number="68" hits="0" branch="False" />
                        <line number="69" hits="0" branch="False" />
                        <line number="71" hits="0" branch="False" />
                        <line number="72" hits="0" branch="False" />
                        <line number="12" hits="0" branch="False" />
                        <line number="13" hits="0" branch="False" />
                        <line number="14" hits="0" branch="False" />
                        <line number="15" hits="0" branch="False" />
                    </lines>
                </class>
                <class name="bicicletario.Infrastructure.Repositories.BicicletaRepository/&lt;Get&gt;d__2"
                       filename="Infrastructure\Repositories\BicicletaRepository.cs" line-rate="0" branch-rate="0"
                       complexity="4">
                    <methods>
                        <method name="MoveNext" signature="()" line-rate="0" branch-rate="0" complexity="4">
                            <lines>
                                <line number="18" hits="0" branch="False" />
                                <line number="19" hits="0" branch="True" condition-coverage="0% (0/2)">
                                    <conditions>
                                        <condition number="48" type="jump" coverage="0%" />
                                    </conditions>
                                </line>
                                <line number="20" hits="0" branch="False" />
                                <line number="21" hits="0" branch="False" />
                                <line number="22" hits="0" branch="False" />
                                <line number="23" hits="0" branch="False" />
                                <line number="24" hits="0" branch="False" />
                                <line number="26" hits="0" branch="False" />
                                <line number="27" hits="0" branch="False" />
                                <line number="28" hits="0" branch="True" condition-coverage="0% (0/2)">
                                    <conditions>
                                        <condition number="491" type="jump" coverage="0%" />
                                    </conditions>
                                </line>
                                <line number="29" hits="0" branch="False" />
                                <line number="30" hits="0" branch="False" />
                                <line number="31" hits="0" branch="False" />
                                <line number="32" hits="0" branch="False" />
                                <line number="33" hits="0" branch="False" />
                                <line number="34" hits="0" branch="False" />
                                <line number="35" hits="0" branch="False" />
                                <line number="36" hits="0" branch="False" />
                                <line number="38" hits="0" branch="False" />
                                <line number="39" hits="0" branch="False" />
                                <line number="40" hits="0" branch="False" />
                                <line number="42" hits="0" branch="False" />
                                <line number="43" hits="0" branch="False" />
                            </lines>
                        </method>
                    </methods>
                    <lines>
                        <line number="18" hits="0" branch="False" />
                        <line number="19" hits="0" branch="True" condition-coverage="0% (0/2)">
                            <conditions>
                                <condition number="48" type="jump" coverage="0%" />
                            </conditions>
                        </line>
                        <line number="20" hits="0" branch="False" />
                        <line number="21" hits="0" branch="False" />
                        <line number="22" hits="0" branch="False" />
                        <line number="23" hits="0" branch="False" />
                        <line number="24" hits="0" branch="False" />
                        <line number="26" hits="0" branch="False" />
                        <line number="27" hits="0" branch="False" />
                        <line number="28" hits="0" branch="True" condition-coverage="0% (0/2)">
                            <conditions>
                                <condition number="491" type="jump" coverage="0%" />
                            </conditions>
                        </line>
                        <line number="29" hits="0" branch="False" />
                        <line number="30" hits="0" branch="False" />
                        <line number="31" hits="0" branch="False" />
                        <line number="32" hits="0" branch="False" />
                        <line number="33" hits="0" branch="False" />
                        <line number="34" hits="0" branch="False" />
                        <line number="35" hits="0" branch="False" />
                        <line number="36" hits="0" branch="False" />
                        <line number="38" hits="0" branch="False" />
                        <line number="39" hits="0" branch="False" />
                        <line number="40" hits="0" branch="False" />
                        <line number="42" hits="0" branch="False" />
                        <line number="43" hits="0" branch="False" />
                    </lines>
                </class>
            </classes>
        </package>
        <package name="WebAPI" line-rate="0.6537999999999999" branch-rate="1" complexity="4">
            <classes>
                <class name="bicicletario.WebAPI.Controllers.BicicletasController"
                       filename="WebAPI\Controllers\BicicletasController.cs" line-rate="1" branch-rate="1"
                       complexity="1">
                    <methods>
                        <method name=".ctor" signature="(bicicletario.Application.Interfaces.IBicicletaService)"
                                line-rate="1" branch-rate="1" complexity="1">
                            <lines>
                                <line number="13" hits="3" branch="False" />
                                <line number="14" hits="3" branch="False" />
                                <line number="15" hits="3" branch="False" />
                                <line number="16" hits="3" branch="False" />
                            </lines>
                        </method>
                    </methods>
                    <lines>
                        <line number="13" hits="3" branch="False" />
                        <line number="14" hits="3" branch="False" />
                        <line number="15" hits="3" branch="False" />
                        <line number="16" hits="3" branch="False" />
                    </lines>
                </class>
                <class name="bicicletario.WebAPI.Controllers.BicicletasController/&lt;Get&gt;d__2"
                       filename="WebAPI\Controllers\BicicletasController.cs" line-rate="0.5714" branch-rate="1"
                       complexity="2">
                    <methods>
                        <method name="MoveNext" signature="()" line-rate="0.5714" branch-rate="1" complexity="2">
                            <lines>
                                <line number="20" hits="2" branch="False" />
                                <line number="22" hits="2" branch="False" />
                                <line number="23" hits="2" branch="False" />
                                <line number="25" hits="2" branch="True" condition-coverage="100% (2/2)">
                                    <conditions>
                                        <condition number="173" type="jump" coverage="100%" />
                                    </conditions>
                                </line>
                                <line number="26" hits="1" branch="False" />
                                <line number="27" hits="1" branch="False" />
                                <line number="30" hits="1" branch="False" />
                                <line number="32" hits="0" branch="False" />
                                <line number="33" hits="0" branch="False" />
                                <line number="34" hits="0" branch="False" />
                                <line number="36" hits="0" branch="False" />
                                <line number="37" hits="0" branch="False" />
                                <line number="38" hits="0" branch="False" />
                                <line number="40" hits="2" branch="False" />
                            </lines>
                        </method>
                    </methods>
                    <lines>
                        <line number="20" hits="2" branch="False" />
                        <line number="22" hits="2" branch="False" />
                        <line number="23" hits="2" branch="False" />
                        <line number="25" hits="2" branch="True" condition-coverage="100% (2/2)">
                            <conditions>
                                <condition number="173" type="jump" coverage="100%" />
                            </conditions>
                        </line>
                        <line number="26" hits="1" branch="False" />
                        <line number="27" hits="1" branch="False" />
                        <line number="30" hits="1" branch="False" />
                        <line number="32" hits="0" branch="False" />
                        <line number="33" hits="0" branch="False" />
                        <line number="34" hits="0" branch="False" />
                        <line number="36" hits="0" branch="False" />
                        <line number="37" hits="0" branch="False" />
                        <line number="38" hits="0" branch="False" />
                        <line number="40" hits="2" branch="False" />
                    </lines>
                </class>
                <class name="bicicletario.WebAPI.Controllers.BicicletasController/&lt;Get&gt;d__3"
                       filename="WebAPI\Controllers\BicicletasController.cs" line-rate="0.625" branch-rate="1"
                       complexity="1">
                    <methods>
                        <method name="MoveNext" signature="()" line-rate="0.625" branch-rate="1" complexity="1">
                            <lines>
                                <line number="44" hits="1" branch="False" />
                                <line number="46" hits="1" branch="False" />
                                <line number="47" hits="1" branch="False" />
                                <line number="48" hits="1" branch="False" />
                                <line number="50" hits="0" branch="False" />
                                <line number="51" hits="0" branch="False" />
                                <line number="52" hits="0" branch="False" />
                                <line number="54" hits="1" branch="False" />
                            </lines>
                        </method>
                    </methods>
                    <lines>
                        <line number="44" hits="1" branch="False" />
                        <line number="46" hits="1" branch="False" />
                        <line number="47" hits="1" branch="False" />
                        <line number="48" hits="1" branch="False" />
                        <line number="50" hits="0" branch="False" />
                        <line number="51" hits="0" branch="False" />
                        <line number="52" hits="0" branch="False" />
                        <line number="54" hits="1" branch="False" />
                    </lines>
                </class>
            </classes>
        </package>
    </packages>
</coverage>